<?xml version="1.0" encoding="utf-8"?><testsuites><testsuite name="pytest" errors="0" failures="0" skipped="0" tests="5" time="2.067" timestamp="2025-03-24T20:31:29.333064+01:00" hostname="dlsptm"><testcase classname="tests.integration.test_users" name="test_register_success" time="0.357" /><testcase classname="tests.integration.test_users" name="test_register_existing_email" time="0.308" /><testcase classname="tests.integration.test_users" name="test_login_success" time="0.572" /><testcase classname="tests.integration.test_users" name="test_login_user_not_found" time="0.041" /><testcase classname="tests.integration.test_users" name="test_login_invalid_password" time="0.566" /></testsuite></testsuites>